build/outputs/logs/manifest-merger-debug-report.txt
-- Merging decision tree log ---
manifest
ADDED from AndroidStudioProjects\BandGsrApp\AndroidManifest.xml:2:1-34:12
	package
		ADDED from AndroidStudioProjects\BandGsrApp\AndroidManifest.xml:3:5-41
	android:versionName
		ADDED from AndroidStudioProjects\BandGsrApp\AndroidManifest.xml:5:5-30
		INJECTED from AndroidStudioProjects\BandGsrApp\AndroidManifest.xml
		INJECTED from AndroidStudioProjects\BandGsrApp\AndroidManifest.xml
	android:versionCode
		ADDED from AndroidStudioProjects\BandGsrApp\AndroidManifest.xml:4:5-28
		INJECTED from AndroidStudioProjects\BandGsrApp\AndroidManifest.xml
		INJECTED from AndroidStudioProjects\BandGsrApp\AndroidManifest.xml
	xmlns:android
		ADDED from AndroidStudioProjects\BandGsrApp\AndroidManifest.xml:2:11-69
uses-sdk
ADDED from AndroidStudioProjects\BandGsrApp\AndroidManifest.xml:7:5-9:41
	android:targetSdkVersion
		ADDED from AndroidStudioProjects\BandGsrApp\AndroidManifest.xml:9:9-38
	android:minSdkVersion
		ADDED from AndroidStudioProjects\BandGsrApp\AndroidManifest.xml:8:9-35
uses-permission#android.permission.BLUETOOTH
ADDED from AndroidStudioProjects\BandGsrApp\AndroidManifest.xml:11:5-68
	android:name
		ADDED from AndroidStudioProjects\BandGsrApp\AndroidManifest.xml:11:22-65
uses-permission#com.microsoft.band.service.access.BIND_BAND_SERVICE
ADDED from AndroidStudioProjects\BandGsrApp\AndroidManifest.xml:12:5-91
	android:name
		ADDED from AndroidStudioProjects\BandGsrApp\AndroidManifest.xml:12:22-88
uses-permission#android.permission.WRITE_EXTERNAL_STORAGE
ADDED from AndroidStudioProjects\BandGsrApp\AndroidManifest.xml:13:5-81
	android:name
		ADDED from AndroidStudioProjects\BandGsrApp\AndroidManifest.xml:13:22-78
application
ADDED from AndroidStudioProjects\BandGsrApp\AndroidManifest.xml:15:5-32:19
	android:label
		ADDED from AndroidStudioProjects\BandGsrApp\AndroidManifest.xml:18:9-41
	android:allowBackup
		ADDED from AndroidStudioProjects\BandGsrApp\AndroidManifest.xml:16:9-35
	android:icon
		ADDED from AndroidStudioProjects\BandGsrApp\AndroidManifest.xml:17:9-45
	android:theme
		ADDED from AndroidStudioProjects\BandGsrApp\AndroidManifest.xml:19:9-40
activity#com.microsoft.band.sdk.gsr.BandGsrAppActivity
ADDED from AndroidStudioProjects\BandGsrApp\AndroidManifest.xml:20:9-29:20
	android:screenOrientation
		ADDED from AndroidStudioProjects\BandGsrApp\AndroidManifest.xml:22:13-49
	android:label
		ADDED from AndroidStudioProjects\BandGsrApp\AndroidManifest.xml:23:13-45
	android:name
		ADDED from AndroidStudioProjects\BandGsrApp\AndroidManifest.xml:21:13-73
intent-filter#android.intent.action.MAIN+android.intent.category.LAUNCHER
ADDED from AndroidStudioProjects\BandGsrApp\AndroidManifest.xml:24:13-28:29
action#android.intent.action.MAIN
ADDED from AndroidStudioProjects\BandGsrApp\AndroidManifest.xml:25:17-69
	android:name
		ADDED from AndroidStudioProjects\BandGsrApp\AndroidManifest.xml:25:25-66
category#android.intent.category.LAUNCHER
ADDED from AndroidStudioProjects\BandGsrApp\AndroidManifest.xml:27:17-77
	android:name
		ADDED from AndroidStudioProjects\BandGsrApp\AndroidManifest.xml:27:27-74
service#com.microsoft.band.sdk.gsr.DataCollectionService
ADDED from AndroidStudioProjects\BandGsrApp\AndroidManifest.xml:31:9-93
	android:name
		ADDED from AndroidStudioProjects\BandGsrApp\AndroidManifest.xml:31:18-81